CRITICAL - 2021-10-11 12:49:22 --> Undefined property: CodeIgniter\View\View::$uri
#0 C:\xampp\htdocs\ci4\app\Views\layout\navigasi.php(12): CodeIgniter\Debug\Exceptions->errorHandler(8, 'Undefined prope...', 'C:\\xampp\\htdocs...', 12, Array)
#1 C:\xampp\htdocs\ci4\vendor\codeigniter4\framework\system\View\View.php(214): include('C:\\xampp\\htdocs...')
#2 C:\xampp\htdocs\ci4\vendor\codeigniter4\framework\system\View\View.php(217): CodeIgniter\View\View->CodeIgniter\View\{closure}()
#3 C:\xampp\htdocs\ci4\vendor\codeigniter4\framework\system\View\View.php(432): CodeIgniter\View\View->render('layout/navigasi...', NULL, true)
#4 C:\xampp\htdocs\ci4\app\Views\layout\template.php(73): CodeIgniter\View\View->include('layout/navigasi...')
#5 C:\xampp\htdocs\ci4\vendor\codeigniter4\framework\system\View\View.php(214): include('C:\\xampp\\htdocs...')
#6 C:\xampp\htdocs\ci4\vendor\codeigniter4\framework\system\View\View.php(217): CodeIgniter\View\View->CodeIgniter\View\{closure}()
#7 C:\xampp\htdocs\ci4\vendor\codeigniter4\framework\system\View\View.php(230): CodeIgniter\View\View->render('layout/template...', Array, true)
#8 C:\xampp\htdocs\ci4\vendor\codeigniter4\framework\system\Common.php(1092): CodeIgniter\View\View->render('dashboard', Array, true)
#9 C:\xampp\htdocs\ci4\app\Controllers\Dashboard.php(11): view('dashboard')
#10 C:\xampp\htdocs\ci4\vendor\codeigniter4\framework\system\CodeIgniter.php(802): App\Controllers\Dashboard->index()
#11 C:\xampp\htdocs\ci4\vendor\codeigniter4\framework\system\CodeIgniter.php(399): CodeIgniter\CodeIgniter->runController(Object(App\Controllers\Dashboard))
#12 C:\xampp\htdocs\ci4\vendor\codeigniter4\framework\system\CodeIgniter.php(317): CodeIgniter\CodeIgniter->handleRequest(NULL, Object(Config\Cache), false)
#13 C:\xampp\htdocs\ci4\index.php(37): CodeIgniter\CodeIgniter->run()
#14 {main}
CRITICAL - 2021-10-11 12:49:58 --> Undefined property: CodeIgniter\View\View::$uri
#0 C:\xampp\htdocs\ci4\app\Views\layout\navigasi.php(12): CodeIgniter\Debug\Exceptions->errorHandler(8, 'Undefined prope...', 'C:\\xampp\\htdocs...', 12, Array)
#1 C:\xampp\htdocs\ci4\vendor\codeigniter4\framework\system\View\View.php(214): include('C:\\xampp\\htdocs...')
#2 C:\xampp\htdocs\ci4\vendor\codeigniter4\framework\system\View\View.php(217): CodeIgniter\View\View->CodeIgniter\View\{closure}()
#3 C:\xampp\htdocs\ci4\vendor\codeigniter4\framework\system\View\View.php(432): CodeIgniter\View\View->render('layout/navigasi...', NULL, true)
#4 C:\xampp\htdocs\ci4\app\Views\layout\template.php(73): CodeIgniter\View\View->include('layout/navigasi...')
#5 C:\xampp\htdocs\ci4\vendor\codeigniter4\framework\system\View\View.php(214): include('C:\\xampp\\htdocs...')
#6 C:\xampp\htdocs\ci4\vendor\codeigniter4\framework\system\View\View.php(217): CodeIgniter\View\View->CodeIgniter\View\{closure}()
#7 C:\xampp\htdocs\ci4\vendor\codeigniter4\framework\system\View\View.php(230): CodeIgniter\View\View->render('layout/template...', Array, true)
#8 C:\xampp\htdocs\ci4\vendor\codeigniter4\framework\system\Common.php(1092): CodeIgniter\View\View->render('dashboard', Array, true)
#9 C:\xampp\htdocs\ci4\app\Controllers\Dashboard.php(11): view('dashboard')
#10 C:\xampp\htdocs\ci4\vendor\codeigniter4\framework\system\CodeIgniter.php(802): App\Controllers\Dashboard->index()
#11 C:\xampp\htdocs\ci4\vendor\codeigniter4\framework\system\CodeIgniter.php(399): CodeIgniter\CodeIgniter->runController(Object(App\Controllers\Dashboard))
#12 C:\xampp\htdocs\ci4\vendor\codeigniter4\framework\system\CodeIgniter.php(317): CodeIgniter\CodeIgniter->handleRequest(NULL, Object(Config\Cache), false)
#13 C:\xampp\htdocs\ci4\index.php(37): CodeIgniter\CodeIgniter->run()
#14 {main}
CRITICAL - 2021-10-11 12:50:00 --> Undefined property: CodeIgniter\View\View::$uri
#0 C:\xampp\htdocs\ci4\app\Views\layout\navigasi.php(12): CodeIgniter\Debug\Exceptions->errorHandler(8, 'Undefined prope...', 'C:\\xampp\\htdocs...', 12, Array)
#1 C:\xampp\htdocs\ci4\vendor\codeigniter4\framework\system\View\View.php(214): include('C:\\xampp\\htdocs...')
#2 C:\xampp\htdocs\ci4\vendor\codeigniter4\framework\system\View\View.php(217): CodeIgniter\View\View->CodeIgniter\View\{closure}()
#3 C:\xampp\htdocs\ci4\vendor\codeigniter4\framework\system\View\View.php(432): CodeIgniter\View\View->render('layout/navigasi...', NULL, true)
#4 C:\xampp\htdocs\ci4\app\Views\layout\template.php(73): CodeIgniter\View\View->include('layout/navigasi...')
#5 C:\xampp\htdocs\ci4\vendor\codeigniter4\framework\system\View\View.php(214): include('C:\\xampp\\htdocs...')
#6 C:\xampp\htdocs\ci4\vendor\codeigniter4\framework\system\View\View.php(217): CodeIgniter\View\View->CodeIgniter\View\{closure}()
#7 C:\xampp\htdocs\ci4\vendor\codeigniter4\framework\system\View\View.php(230): CodeIgniter\View\View->render('layout/template...', Array, true)
#8 C:\xampp\htdocs\ci4\vendor\codeigniter4\framework\system\Common.php(1092): CodeIgniter\View\View->render('dashboard', Array, true)
#9 C:\xampp\htdocs\ci4\app\Controllers\Dashboard.php(11): view('dashboard')
#10 C:\xampp\htdocs\ci4\vendor\codeigniter4\framework\system\CodeIgniter.php(802): App\Controllers\Dashboard->index()
#11 C:\xampp\htdocs\ci4\vendor\codeigniter4\framework\system\CodeIgniter.php(399): CodeIgniter\CodeIgniter->runController(Object(App\Controllers\Dashboard))
#12 C:\xampp\htdocs\ci4\vendor\codeigniter4\framework\system\CodeIgniter.php(317): CodeIgniter\CodeIgniter->handleRequest(NULL, Object(Config\Cache), false)
#13 C:\xampp\htdocs\ci4\index.php(37): CodeIgniter\CodeIgniter->run()
#14 {main}
CRITICAL - 2021-10-11 12:50:35 --> Undefined property: CodeIgniter\View\View::$uri
#0 C:\xampp\htdocs\ci4\app\Views\layout\navigasi.php(12): CodeIgniter\Debug\Exceptions->errorHandler(8, 'Undefined prope...', 'C:\\xampp\\htdocs...', 12, Array)
#1 C:\xampp\htdocs\ci4\vendor\codeigniter4\framework\system\View\View.php(214): include('C:\\xampp\\htdocs...')
#2 C:\xampp\htdocs\ci4\vendor\codeigniter4\framework\system\View\View.php(217): CodeIgniter\View\View->CodeIgniter\View\{closure}()
#3 C:\xampp\htdocs\ci4\vendor\codeigniter4\framework\system\View\View.php(432): CodeIgniter\View\View->render('layout/navigasi...', NULL, true)
#4 C:\xampp\htdocs\ci4\app\Views\layout\template.php(73): CodeIgniter\View\View->include('layout/navigasi...')
#5 C:\xampp\htdocs\ci4\vendor\codeigniter4\framework\system\View\View.php(214): include('C:\\xampp\\htdocs...')
#6 C:\xampp\htdocs\ci4\vendor\codeigniter4\framework\system\View\View.php(217): CodeIgniter\View\View->CodeIgniter\View\{closure}()
#7 C:\xampp\htdocs\ci4\vendor\codeigniter4\framework\system\View\View.php(230): CodeIgniter\View\View->render('layout/template...', Array, true)
#8 C:\xampp\htdocs\ci4\vendor\codeigniter4\framework\system\Common.php(1092): CodeIgniter\View\View->render('dashboard', Array, true)
#9 C:\xampp\htdocs\ci4\app\Controllers\Dashboard.php(11): view('dashboard')
#10 C:\xampp\htdocs\ci4\vendor\codeigniter4\framework\system\CodeIgniter.php(802): App\Controllers\Dashboard->index()
#11 C:\xampp\htdocs\ci4\vendor\codeigniter4\framework\system\CodeIgniter.php(399): CodeIgniter\CodeIgniter->runController(Object(App\Controllers\Dashboard))
#12 C:\xampp\htdocs\ci4\vendor\codeigniter4\framework\system\CodeIgniter.php(317): CodeIgniter\CodeIgniter->handleRequest(NULL, Object(Config\Cache), false)
#13 C:\xampp\htdocs\ci4\index.php(37): CodeIgniter\CodeIgniter->run()
#14 {main}
CRITICAL - 2021-10-11 12:50:36 --> Undefined property: CodeIgniter\View\View::$uri
#0 C:\xampp\htdocs\ci4\app\Views\layout\navigasi.php(12): CodeIgniter\Debug\Exceptions->errorHandler(8, 'Undefined prope...', 'C:\\xampp\\htdocs...', 12, Array)
#1 C:\xampp\htdocs\ci4\vendor\codeigniter4\framework\system\View\View.php(214): include('C:\\xampp\\htdocs...')
#2 C:\xampp\htdocs\ci4\vendor\codeigniter4\framework\system\View\View.php(217): CodeIgniter\View\View->CodeIgniter\View\{closure}()
#3 C:\xampp\htdocs\ci4\vendor\codeigniter4\framework\system\View\View.php(432): CodeIgniter\View\View->render('layout/navigasi...', NULL, true)
#4 C:\xampp\htdocs\ci4\app\Views\layout\template.php(73): CodeIgniter\View\View->include('layout/navigasi...')
#5 C:\xampp\htdocs\ci4\vendor\codeigniter4\framework\system\View\View.php(214): include('C:\\xampp\\htdocs...')
#6 C:\xampp\htdocs\ci4\vendor\codeigniter4\framework\system\View\View.php(217): CodeIgniter\View\View->CodeIgniter\View\{closure}()
#7 C:\xampp\htdocs\ci4\vendor\codeigniter4\framework\system\View\View.php(230): CodeIgniter\View\View->render('layout/template...', Array, true)
#8 C:\xampp\htdocs\ci4\vendor\codeigniter4\framework\system\Common.php(1092): CodeIgniter\View\View->render('dashboard', Array, true)
#9 C:\xampp\htdocs\ci4\app\Controllers\Dashboard.php(11): view('dashboard')
#10 C:\xampp\htdocs\ci4\vendor\codeigniter4\framework\system\CodeIgniter.php(802): App\Controllers\Dashboard->index()
#11 C:\xampp\htdocs\ci4\vendor\codeigniter4\framework\system\CodeIgniter.php(399): CodeIgniter\CodeIgniter->runController(Object(App\Controllers\Dashboard))
#12 C:\xampp\htdocs\ci4\vendor\codeigniter4\framework\system\CodeIgniter.php(317): CodeIgniter\CodeIgniter->handleRequest(NULL, Object(Config\Cache), false)
#13 C:\xampp\htdocs\ci4\index.php(37): CodeIgniter\CodeIgniter->run()
#14 {main}
CRITICAL - 2021-10-11 12:51:47 --> Undefined property: CodeIgniter\View\View::$uri
#0 C:\xampp\htdocs\ci4\app\Views\layout\navigasi.php(12): CodeIgniter\Debug\Exceptions->errorHandler(8, 'Undefined prope...', 'C:\\xampp\\htdocs...', 12, Array)
#1 C:\xampp\htdocs\ci4\vendor\codeigniter4\framework\system\View\View.php(214): include('C:\\xampp\\htdocs...')
#2 C:\xampp\htdocs\ci4\vendor\codeigniter4\framework\system\View\View.php(217): CodeIgniter\View\View->CodeIgniter\View\{closure}()
#3 C:\xampp\htdocs\ci4\vendor\codeigniter4\framework\system\View\View.php(432): CodeIgniter\View\View->render('layout/navigasi...', NULL, true)
#4 C:\xampp\htdocs\ci4\app\Views\layout\template.php(73): CodeIgniter\View\View->include('layout/navigasi...')
#5 C:\xampp\htdocs\ci4\vendor\codeigniter4\framework\system\View\View.php(214): include('C:\\xampp\\htdocs...')
#6 C:\xampp\htdocs\ci4\vendor\codeigniter4\framework\system\View\View.php(217): CodeIgniter\View\View->CodeIgniter\View\{closure}()
#7 C:\xampp\htdocs\ci4\vendor\codeigniter4\framework\system\View\View.php(230): CodeIgniter\View\View->render('layout/template...', Array, true)
#8 C:\xampp\htdocs\ci4\vendor\codeigniter4\framework\system\Common.php(1092): CodeIgniter\View\View->render('dashboard', Array, true)
#9 C:\xampp\htdocs\ci4\app\Controllers\Dashboard.php(11): view('dashboard')
#10 C:\xampp\htdocs\ci4\vendor\codeigniter4\framework\system\CodeIgniter.php(802): App\Controllers\Dashboard->index()
#11 C:\xampp\htdocs\ci4\vendor\codeigniter4\framework\system\CodeIgniter.php(399): CodeIgniter\CodeIgniter->runController(Object(App\Controllers\Dashboard))
#12 C:\xampp\htdocs\ci4\vendor\codeigniter4\framework\system\CodeIgniter.php(317): CodeIgniter\CodeIgniter->handleRequest(NULL, Object(Config\Cache), false)
#13 C:\xampp\htdocs\ci4\index.php(37): CodeIgniter\CodeIgniter->run()
#14 {main}
CRITICAL - 2021-10-11 12:52:02 --> Undefined property: CodeIgniter\View\View::$uri
#0 C:\xampp\htdocs\ci4\app\Views\layout\navigasi.php(12): CodeIgniter\Debug\Exceptions->errorHandler(8, 'Undefined prope...', 'C:\\xampp\\htdocs...', 12, Array)
#1 C:\xampp\htdocs\ci4\vendor\codeigniter4\framework\system\View\View.php(214): include('C:\\xampp\\htdocs...')
#2 C:\xampp\htdocs\ci4\vendor\codeigniter4\framework\system\View\View.php(217): CodeIgniter\View\View->CodeIgniter\View\{closure}()
#3 C:\xampp\htdocs\ci4\vendor\codeigniter4\framework\system\View\View.php(432): CodeIgniter\View\View->render('layout/navigasi...', NULL, true)
#4 C:\xampp\htdocs\ci4\app\Views\layout\template.php(73): CodeIgniter\View\View->include('layout/navigasi...')
#5 C:\xampp\htdocs\ci4\vendor\codeigniter4\framework\system\View\View.php(214): include('C:\\xampp\\htdocs...')
#6 C:\xampp\htdocs\ci4\vendor\codeigniter4\framework\system\View\View.php(217): CodeIgniter\View\View->CodeIgniter\View\{closure}()
#7 C:\xampp\htdocs\ci4\vendor\codeigniter4\framework\system\View\View.php(230): CodeIgniter\View\View->render('layout/template...', Array, true)
#8 C:\xampp\htdocs\ci4\vendor\codeigniter4\framework\system\Common.php(1092): CodeIgniter\View\View->render('dashboard', Array, true)
#9 C:\xampp\htdocs\ci4\app\Controllers\Dashboard.php(11): view('dashboard')
#10 C:\xampp\htdocs\ci4\vendor\codeigniter4\framework\system\CodeIgniter.php(802): App\Controllers\Dashboard->index()
#11 C:\xampp\htdocs\ci4\vendor\codeigniter4\framework\system\CodeIgniter.php(399): CodeIgniter\CodeIgniter->runController(Object(App\Controllers\Dashboard))
#12 C:\xampp\htdocs\ci4\vendor\codeigniter4\framework\system\CodeIgniter.php(317): CodeIgniter\CodeIgniter->handleRequest(NULL, Object(Config\Cache), false)
#13 C:\xampp\htdocs\ci4\index.php(37): CodeIgniter\CodeIgniter->run()
#14 {main}
CRITICAL - 2021-10-11 12:55:10 --> Undefined property: CodeIgniter\View\View::$uri
#0 C:\xampp\htdocs\ci4\app\Views\layout\navigasi.php(12): CodeIgniter\Debug\Exceptions->errorHandler(8, 'Undefined prope...', 'C:\\xampp\\htdocs...', 12, Array)
#1 C:\xampp\htdocs\ci4\vendor\codeigniter4\framework\system\View\View.php(214): include('C:\\xampp\\htdocs...')
#2 C:\xampp\htdocs\ci4\vendor\codeigniter4\framework\system\View\View.php(217): CodeIgniter\View\View->CodeIgniter\View\{closure}()
#3 C:\xampp\htdocs\ci4\vendor\codeigniter4\framework\system\View\View.php(432): CodeIgniter\View\View->render('layout/navigasi...', NULL, true)
#4 C:\xampp\htdocs\ci4\app\Views\layout\template.php(73): CodeIgniter\View\View->include('layout/navigasi...')
#5 C:\xampp\htdocs\ci4\vendor\codeigniter4\framework\system\View\View.php(214): include('C:\\xampp\\htdocs...')
#6 C:\xampp\htdocs\ci4\vendor\codeigniter4\framework\system\View\View.php(217): CodeIgniter\View\View->CodeIgniter\View\{closure}()
#7 C:\xampp\htdocs\ci4\vendor\codeigniter4\framework\system\View\View.php(230): CodeIgniter\View\View->render('layout/template...', Array, true)
#8 C:\xampp\htdocs\ci4\vendor\codeigniter4\framework\system\Common.php(1092): CodeIgniter\View\View->render('dashboard', Array, true)
#9 C:\xampp\htdocs\ci4\app\Controllers\Dashboard.php(11): view('dashboard')
#10 C:\xampp\htdocs\ci4\vendor\codeigniter4\framework\system\CodeIgniter.php(802): App\Controllers\Dashboard->index()
#11 C:\xampp\htdocs\ci4\vendor\codeigniter4\framework\system\CodeIgniter.php(399): CodeIgniter\CodeIgniter->runController(Object(App\Controllers\Dashboard))
#12 C:\xampp\htdocs\ci4\vendor\codeigniter4\framework\system\CodeIgniter.php(317): CodeIgniter\CodeIgniter->handleRequest(NULL, Object(Config\Cache), false)
#13 C:\xampp\htdocs\ci4\index.php(37): CodeIgniter\CodeIgniter->run()
#14 {main}
CRITICAL - 2021-10-11 12:55:45 --> Undefined property: CodeIgniter\View\View::$uri
#0 C:\xampp\htdocs\ci4\app\Views\layout\navigasi.php(12): CodeIgniter\Debug\Exceptions->errorHandler(8, 'Undefined prope...', 'C:\\xampp\\htdocs...', 12, Array)
#1 C:\xampp\htdocs\ci4\vendor\codeigniter4\framework\system\View\View.php(214): include('C:\\xampp\\htdocs...')
#2 C:\xampp\htdocs\ci4\vendor\codeigniter4\framework\system\View\View.php(217): CodeIgniter\View\View->CodeIgniter\View\{closure}()
#3 C:\xampp\htdocs\ci4\vendor\codeigniter4\framework\system\View\View.php(432): CodeIgniter\View\View->render('layout/navigasi...', NULL, true)
#4 C:\xampp\htdocs\ci4\app\Views\layout\template.php(73): CodeIgniter\View\View->include('layout/navigasi...')
#5 C:\xampp\htdocs\ci4\vendor\codeigniter4\framework\system\View\View.php(214): include('C:\\xampp\\htdocs...')
#6 C:\xampp\htdocs\ci4\vendor\codeigniter4\framework\system\View\View.php(217): CodeIgniter\View\View->CodeIgniter\View\{closure}()
#7 C:\xampp\htdocs\ci4\vendor\codeigniter4\framework\system\View\View.php(230): CodeIgniter\View\View->render('layout/template...', Array, true)
#8 C:\xampp\htdocs\ci4\vendor\codeigniter4\framework\system\Common.php(1092): CodeIgniter\View\View->render('dashboard', Array, true)
#9 C:\xampp\htdocs\ci4\app\Controllers\Dashboard.php(11): view('dashboard')
#10 C:\xampp\htdocs\ci4\vendor\codeigniter4\framework\system\CodeIgniter.php(802): App\Controllers\Dashboard->index()
#11 C:\xampp\htdocs\ci4\vendor\codeigniter4\framework\system\CodeIgniter.php(399): CodeIgniter\CodeIgniter->runController(Object(App\Controllers\Dashboard))
#12 C:\xampp\htdocs\ci4\vendor\codeigniter4\framework\system\CodeIgniter.php(317): CodeIgniter\CodeIgniter->handleRequest(NULL, Object(Config\Cache), false)
#13 C:\xampp\htdocs\ci4\index.php(37): CodeIgniter\CodeIgniter->run()
#14 {main}
CRITICAL - 2021-10-11 12:55:46 --> Undefined property: CodeIgniter\View\View::$uri
#0 C:\xampp\htdocs\ci4\app\Views\layout\navigasi.php(12): CodeIgniter\Debug\Exceptions->errorHandler(8, 'Undefined prope...', 'C:\\xampp\\htdocs...', 12, Array)
#1 C:\xampp\htdocs\ci4\vendor\codeigniter4\framework\system\View\View.php(214): include('C:\\xampp\\htdocs...')
#2 C:\xampp\htdocs\ci4\vendor\codeigniter4\framework\system\View\View.php(217): CodeIgniter\View\View->CodeIgniter\View\{closure}()
#3 C:\xampp\htdocs\ci4\vendor\codeigniter4\framework\system\View\View.php(432): CodeIgniter\View\View->render('layout/navigasi...', NULL, true)
#4 C:\xampp\htdocs\ci4\app\Views\layout\template.php(73): CodeIgniter\View\View->include('layout/navigasi...')
#5 C:\xampp\htdocs\ci4\vendor\codeigniter4\framework\system\View\View.php(214): include('C:\\xampp\\htdocs...')
#6 C:\xampp\htdocs\ci4\vendor\codeigniter4\framework\system\View\View.php(217): CodeIgniter\View\View->CodeIgniter\View\{closure}()
#7 C:\xampp\htdocs\ci4\vendor\codeigniter4\framework\system\View\View.php(230): CodeIgniter\View\View->render('layout/template...', Array, true)
#8 C:\xampp\htdocs\ci4\vendor\codeigniter4\framework\system\Common.php(1092): CodeIgniter\View\View->render('dashboard', Array, true)
#9 C:\xampp\htdocs\ci4\app\Controllers\Dashboard.php(11): view('dashboard')
#10 C:\xampp\htdocs\ci4\vendor\codeigniter4\framework\system\CodeIgniter.php(802): App\Controllers\Dashboard->index()
#11 C:\xampp\htdocs\ci4\vendor\codeigniter4\framework\system\CodeIgniter.php(399): CodeIgniter\CodeIgniter->runController(Object(App\Controllers\Dashboard))
#12 C:\xampp\htdocs\ci4\vendor\codeigniter4\framework\system\CodeIgniter.php(317): CodeIgniter\CodeIgniter->handleRequest(NULL, Object(Config\Cache), false)
#13 C:\xampp\htdocs\ci4\index.php(37): CodeIgniter\CodeIgniter->run()
#14 {main}
CRITICAL - 2021-10-11 12:55:47 --> Undefined property: CodeIgniter\View\View::$uri
#0 C:\xampp\htdocs\ci4\app\Views\layout\navigasi.php(12): CodeIgniter\Debug\Exceptions->errorHandler(8, 'Undefined prope...', 'C:\\xampp\\htdocs...', 12, Array)
#1 C:\xampp\htdocs\ci4\vendor\codeigniter4\framework\system\View\View.php(214): include('C:\\xampp\\htdocs...')
#2 C:\xampp\htdocs\ci4\vendor\codeigniter4\framework\system\View\View.php(217): CodeIgniter\View\View->CodeIgniter\View\{closure}()
#3 C:\xampp\htdocs\ci4\vendor\codeigniter4\framework\system\View\View.php(432): CodeIgniter\View\View->render('layout/navigasi...', NULL, true)
#4 C:\xampp\htdocs\ci4\app\Views\layout\template.php(73): CodeIgniter\View\View->include('layout/navigasi...')
#5 C:\xampp\htdocs\ci4\vendor\codeigniter4\framework\system\View\View.php(214): include('C:\\xampp\\htdocs...')
#6 C:\xampp\htdocs\ci4\vendor\codeigniter4\framework\system\View\View.php(217): CodeIgniter\View\View->CodeIgniter\View\{closure}()
#7 C:\xampp\htdocs\ci4\vendor\codeigniter4\framework\system\View\View.php(230): CodeIgniter\View\View->render('layout/template...', Array, true)
#8 C:\xampp\htdocs\ci4\vendor\codeigniter4\framework\system\Common.php(1092): CodeIgniter\View\View->render('dashboard', Array, true)
#9 C:\xampp\htdocs\ci4\app\Controllers\Dashboard.php(11): view('dashboard')
#10 C:\xampp\htdocs\ci4\vendor\codeigniter4\framework\system\CodeIgniter.php(802): App\Controllers\Dashboard->index()
#11 C:\xampp\htdocs\ci4\vendor\codeigniter4\framework\system\CodeIgniter.php(399): CodeIgniter\CodeIgniter->runController(Object(App\Controllers\Dashboard))
#12 C:\xampp\htdocs\ci4\vendor\codeigniter4\framework\system\CodeIgniter.php(317): CodeIgniter\CodeIgniter->handleRequest(NULL, Object(Config\Cache), false)
#13 C:\xampp\htdocs\ci4\index.php(37): CodeIgniter\CodeIgniter->run()
#14 {main}
CRITICAL - 2021-10-11 12:56:02 --> Undefined property: CodeIgniter\View\View::$uri
#0 C:\xampp\htdocs\ci4\app\Views\layout\navigasi.php(12): CodeIgniter\Debug\Exceptions->errorHandler(8, 'Undefined prope...', 'C:\\xampp\\htdocs...', 12, Array)
#1 C:\xampp\htdocs\ci4\vendor\codeigniter4\framework\system\View\View.php(214): include('C:\\xampp\\htdocs...')
#2 C:\xampp\htdocs\ci4\vendor\codeigniter4\framework\system\View\View.php(217): CodeIgniter\View\View->CodeIgniter\View\{closure}()
#3 C:\xampp\htdocs\ci4\vendor\codeigniter4\framework\system\View\View.php(432): CodeIgniter\View\View->render('layout/navigasi...', NULL, true)
#4 C:\xampp\htdocs\ci4\app\Views\layout\template.php(73): CodeIgniter\View\View->include('layout/navigasi...')
#5 C:\xampp\htdocs\ci4\vendor\codeigniter4\framework\system\View\View.php(214): include('C:\\xampp\\htdocs...')
#6 C:\xampp\htdocs\ci4\vendor\codeigniter4\framework\system\View\View.php(217): CodeIgniter\View\View->CodeIgniter\View\{closure}()
#7 C:\xampp\htdocs\ci4\vendor\codeigniter4\framework\system\View\View.php(230): CodeIgniter\View\View->render('layout/template...', Array, true)
#8 C:\xampp\htdocs\ci4\vendor\codeigniter4\framework\system\Common.php(1092): CodeIgniter\View\View->render('dashboard', Array, true)
#9 C:\xampp\htdocs\ci4\app\Controllers\Dashboard.php(11): view('dashboard')
#10 C:\xampp\htdocs\ci4\vendor\codeigniter4\framework\system\CodeIgniter.php(802): App\Controllers\Dashboard->index()
#11 C:\xampp\htdocs\ci4\vendor\codeigniter4\framework\system\CodeIgniter.php(399): CodeIgniter\CodeIgniter->runController(Object(App\Controllers\Dashboard))
#12 C:\xampp\htdocs\ci4\vendor\codeigniter4\framework\system\CodeIgniter.php(317): CodeIgniter\CodeIgniter->handleRequest(NULL, Object(Config\Cache), false)
#13 C:\xampp\htdocs\ci4\index.php(37): CodeIgniter\CodeIgniter->run()
#14 {main}
CRITICAL - 2021-10-11 12:56:02 --> Undefined property: CodeIgniter\View\View::$uri
#0 C:\xampp\htdocs\ci4\app\Views\layout\navigasi.php(12): CodeIgniter\Debug\Exceptions->errorHandler(8, 'Undefined prope...', 'C:\\xampp\\htdocs...', 12, Array)
#1 C:\xampp\htdocs\ci4\vendor\codeigniter4\framework\system\View\View.php(214): include('C:\\xampp\\htdocs...')
#2 C:\xampp\htdocs\ci4\vendor\codeigniter4\framework\system\View\View.php(217): CodeIgniter\View\View->CodeIgniter\View\{closure}()
#3 C:\xampp\htdocs\ci4\vendor\codeigniter4\framework\system\View\View.php(432): CodeIgniter\View\View->render('layout/navigasi...', NULL, true)
#4 C:\xampp\htdocs\ci4\app\Views\layout\template.php(73): CodeIgniter\View\View->include('layout/navigasi...')
#5 C:\xampp\htdocs\ci4\vendor\codeigniter4\framework\system\View\View.php(214): include('C:\\xampp\\htdocs...')
#6 C:\xampp\htdocs\ci4\vendor\codeigniter4\framework\system\View\View.php(217): CodeIgniter\View\View->CodeIgniter\View\{closure}()
#7 C:\xampp\htdocs\ci4\vendor\codeigniter4\framework\system\View\View.php(230): CodeIgniter\View\View->render('layout/template...', Array, true)
#8 C:\xampp\htdocs\ci4\vendor\codeigniter4\framework\system\Common.php(1092): CodeIgniter\View\View->render('dashboard', Array, true)
#9 C:\xampp\htdocs\ci4\app\Controllers\Dashboard.php(11): view('dashboard')
#10 C:\xampp\htdocs\ci4\vendor\codeigniter4\framework\system\CodeIgniter.php(802): App\Controllers\Dashboard->index()
#11 C:\xampp\htdocs\ci4\vendor\codeigniter4\framework\system\CodeIgniter.php(399): CodeIgniter\CodeIgniter->runController(Object(App\Controllers\Dashboard))
#12 C:\xampp\htdocs\ci4\vendor\codeigniter4\framework\system\CodeIgniter.php(317): CodeIgniter\CodeIgniter->handleRequest(NULL, Object(Config\Cache), false)
#13 C:\xampp\htdocs\ci4\index.php(37): CodeIgniter\CodeIgniter->run()
#14 {main}
CRITICAL - 2021-10-11 12:57:41 --> Undefined variable: pageName
#0 C:\xampp\htdocs\ci4\app\Views\layout\navigasi.php(12): CodeIgniter\Debug\Exceptions->errorHandler(8, 'Undefined varia...', 'C:\\xampp\\htdocs...', 12, Array)
#1 C:\xampp\htdocs\ci4\vendor\codeigniter4\framework\system\View\View.php(214): include('C:\\xampp\\htdocs...')
#2 C:\xampp\htdocs\ci4\vendor\codeigniter4\framework\system\View\View.php(217): CodeIgniter\View\View->CodeIgniter\View\{closure}()
#3 C:\xampp\htdocs\ci4\vendor\codeigniter4\framework\system\View\View.php(432): CodeIgniter\View\View->render('layout/navigasi...', NULL, true)
#4 C:\xampp\htdocs\ci4\app\Views\layout\template.php(73): CodeIgniter\View\View->include('layout/navigasi...')
#5 C:\xampp\htdocs\ci4\vendor\codeigniter4\framework\system\View\View.php(214): include('C:\\xampp\\htdocs...')
#6 C:\xampp\htdocs\ci4\vendor\codeigniter4\framework\system\View\View.php(217): CodeIgniter\View\View->CodeIgniter\View\{closure}()
#7 C:\xampp\htdocs\ci4\vendor\codeigniter4\framework\system\View\View.php(230): CodeIgniter\View\View->render('layout/template...', Array, true)
#8 C:\xampp\htdocs\ci4\vendor\codeigniter4\framework\system\Common.php(1092): CodeIgniter\View\View->render('dashboard', Array, true)
#9 C:\xampp\htdocs\ci4\app\Controllers\Dashboard.php(11): view('dashboard')
#10 C:\xampp\htdocs\ci4\vendor\codeigniter4\framework\system\CodeIgniter.php(802): App\Controllers\Dashboard->index()
#11 C:\xampp\htdocs\ci4\vendor\codeigniter4\framework\system\CodeIgniter.php(399): CodeIgniter\CodeIgniter->runController(Object(App\Controllers\Dashboard))
#12 C:\xampp\htdocs\ci4\vendor\codeigniter4\framework\system\CodeIgniter.php(317): CodeIgniter\CodeIgniter->handleRequest(NULL, Object(Config\Cache), false)
#13 C:\xampp\htdocs\ci4\index.php(37): CodeIgniter\CodeIgniter->run()
#14 {main}
CRITICAL - 2021-10-11 13:00:17 --> syntax error, unexpected ';'
#0 C:\xampp\htdocs\ci4\vendor\codeigniter4\framework\system\View\View.php(217): CodeIgniter\View\View->CodeIgniter\View\{closure}()
#1 C:\xampp\htdocs\ci4\vendor\codeigniter4\framework\system\View\View.php(432): CodeIgniter\View\View->render('layout/navigasi...', NULL, true)
#2 C:\xampp\htdocs\ci4\app\Views\layout\template.php(73): CodeIgniter\View\View->include('layout/navigasi...')
#3 C:\xampp\htdocs\ci4\vendor\codeigniter4\framework\system\View\View.php(214): include('C:\\xampp\\htdocs...')
#4 C:\xampp\htdocs\ci4\vendor\codeigniter4\framework\system\View\View.php(217): CodeIgniter\View\View->CodeIgniter\View\{closure}()
#5 C:\xampp\htdocs\ci4\vendor\codeigniter4\framework\system\View\View.php(230): CodeIgniter\View\View->render('layout/template...', Array, true)
#6 C:\xampp\htdocs\ci4\vendor\codeigniter4\framework\system\Common.php(1092): CodeIgniter\View\View->render('dashboard', Array, true)
#7 C:\xampp\htdocs\ci4\app\Controllers\Dashboard.php(11): view('dashboard')
#8 C:\xampp\htdocs\ci4\vendor\codeigniter4\framework\system\CodeIgniter.php(802): App\Controllers\Dashboard->index()
#9 C:\xampp\htdocs\ci4\vendor\codeigniter4\framework\system\CodeIgniter.php(399): CodeIgniter\CodeIgniter->runController(Object(App\Controllers\Dashboard))
#10 C:\xampp\htdocs\ci4\vendor\codeigniter4\framework\system\CodeIgniter.php(317): CodeIgniter\CodeIgniter->handleRequest(NULL, Object(Config\Cache), false)
#11 C:\xampp\htdocs\ci4\index.php(37): CodeIgniter\CodeIgniter->run()
#12 {main}
CRITICAL - 2021-10-11 13:00:33 --> Undefined variable: activeTab
#0 C:\xampp\htdocs\ci4\app\Views\layout\navigasi.php(12): CodeIgniter\Debug\Exceptions->errorHandler(8, 'Undefined varia...', 'C:\\xampp\\htdocs...', 12, Array)
#1 C:\xampp\htdocs\ci4\vendor\codeigniter4\framework\system\View\View.php(214): include('C:\\xampp\\htdocs...')
#2 C:\xampp\htdocs\ci4\vendor\codeigniter4\framework\system\View\View.php(217): CodeIgniter\View\View->CodeIgniter\View\{closure}()
#3 C:\xampp\htdocs\ci4\vendor\codeigniter4\framework\system\View\View.php(432): CodeIgniter\View\View->render('layout/navigasi...', NULL, true)
#4 C:\xampp\htdocs\ci4\app\Views\layout\template.php(73): CodeIgniter\View\View->include('layout/navigasi...')
#5 C:\xampp\htdocs\ci4\vendor\codeigniter4\framework\system\View\View.php(214): include('C:\\xampp\\htdocs...')
#6 C:\xampp\htdocs\ci4\vendor\codeigniter4\framework\system\View\View.php(217): CodeIgniter\View\View->CodeIgniter\View\{closure}()
#7 C:\xampp\htdocs\ci4\vendor\codeigniter4\framework\system\View\View.php(230): CodeIgniter\View\View->render('layout/template...', Array, true)
#8 C:\xampp\htdocs\ci4\vendor\codeigniter4\framework\system\Common.php(1092): CodeIgniter\View\View->render('dashboard', Array, true)
#9 C:\xampp\htdocs\ci4\app\Controllers\Dashboard.php(11): view('dashboard')
#10 C:\xampp\htdocs\ci4\vendor\codeigniter4\framework\system\CodeIgniter.php(802): App\Controllers\Dashboard->index()
#11 C:\xampp\htdocs\ci4\vendor\codeigniter4\framework\system\CodeIgniter.php(399): CodeIgniter\CodeIgniter->runController(Object(App\Controllers\Dashboard))
#12 C:\xampp\htdocs\ci4\vendor\codeigniter4\framework\system\CodeIgniter.php(317): CodeIgniter\CodeIgniter->handleRequest(NULL, Object(Config\Cache), false)
#13 C:\xampp\htdocs\ci4\index.php(37): CodeIgniter\CodeIgniter->run()
#14 {main}
CRITICAL - 2021-10-11 13:04:39 --> Undefined property: CodeIgniter\View\View::$uri
#0 C:\xampp\htdocs\ci4\app\Views\layout\navigasi.php(5): CodeIgniter\Debug\Exceptions->errorHandler(8, 'Undefined prope...', 'C:\\xampp\\htdocs...', 5, Array)
#1 C:\xampp\htdocs\ci4\vendor\codeigniter4\framework\system\View\View.php(214): include('C:\\xampp\\htdocs...')
#2 C:\xampp\htdocs\ci4\vendor\codeigniter4\framework\system\View\View.php(217): CodeIgniter\View\View->CodeIgniter\View\{closure}()
#3 C:\xampp\htdocs\ci4\vendor\codeigniter4\framework\system\View\View.php(432): CodeIgniter\View\View->render('layout/navigasi...', NULL, true)
#4 C:\xampp\htdocs\ci4\app\Views\layout\template.php(73): CodeIgniter\View\View->include('layout/navigasi...')
#5 C:\xampp\htdocs\ci4\vendor\codeigniter4\framework\system\View\View.php(214): include('C:\\xampp\\htdocs...')
#6 C:\xampp\htdocs\ci4\vendor\codeigniter4\framework\system\View\View.php(217): CodeIgniter\View\View->CodeIgniter\View\{closure}()
#7 C:\xampp\htdocs\ci4\vendor\codeigniter4\framework\system\View\View.php(230): CodeIgniter\View\View->render('layout/template...', Array, true)
#8 C:\xampp\htdocs\ci4\vendor\codeigniter4\framework\system\Common.php(1092): CodeIgniter\View\View->render('user/index', Array, true)
#9 C:\xampp\htdocs\ci4\app\Controllers\User.php(19): view('user/index', Array)
#10 C:\xampp\htdocs\ci4\vendor\codeigniter4\framework\system\CodeIgniter.php(802): App\Controllers\User->index()
#11 C:\xampp\htdocs\ci4\vendor\codeigniter4\framework\system\CodeIgniter.php(399): CodeIgniter\CodeIgniter->runController(Object(App\Controllers\User))
#12 C:\xampp\htdocs\ci4\vendor\codeigniter4\framework\system\CodeIgniter.php(317): CodeIgniter\CodeIgniter->handleRequest(NULL, Object(Config\Cache), false)
#13 C:\xampp\htdocs\ci4\index.php(37): CodeIgniter\CodeIgniter->run()
#14 {main}
CRITICAL - 2021-10-11 13:05:54 --> Undefined property: CodeIgniter\View\View::$uri
#0 C:\xampp\htdocs\ci4\app\Views\layout\navigasi.php(5): CodeIgniter\Debug\Exceptions->errorHandler(8, 'Undefined prope...', 'C:\\xampp\\htdocs...', 5, Array)
#1 C:\xampp\htdocs\ci4\vendor\codeigniter4\framework\system\View\View.php(214): include('C:\\xampp\\htdocs...')
#2 C:\xampp\htdocs\ci4\vendor\codeigniter4\framework\system\View\View.php(217): CodeIgniter\View\View->CodeIgniter\View\{closure}()
#3 C:\xampp\htdocs\ci4\vendor\codeigniter4\framework\system\View\View.php(432): CodeIgniter\View\View->render('layout/navigasi...', NULL, true)
#4 C:\xampp\htdocs\ci4\app\Views\layout\template.php(73): CodeIgniter\View\View->include('layout/navigasi...')
#5 C:\xampp\htdocs\ci4\vendor\codeigniter4\framework\system\View\View.php(214): include('C:\\xampp\\htdocs...')
#6 C:\xampp\htdocs\ci4\vendor\codeigniter4\framework\system\View\View.php(217): CodeIgniter\View\View->CodeIgniter\View\{closure}()
#7 C:\xampp\htdocs\ci4\vendor\codeigniter4\framework\system\View\View.php(230): CodeIgniter\View\View->render('layout/template...', Array, true)
#8 C:\xampp\htdocs\ci4\vendor\codeigniter4\framework\system\Common.php(1092): CodeIgniter\View\View->render('user/index', Array, true)
#9 C:\xampp\htdocs\ci4\app\Controllers\User.php(19): view('user/index', Array)
#10 C:\xampp\htdocs\ci4\vendor\codeigniter4\framework\system\CodeIgniter.php(802): App\Controllers\User->index()
#11 C:\xampp\htdocs\ci4\vendor\codeigniter4\framework\system\CodeIgniter.php(399): CodeIgniter\CodeIgniter->runController(Object(App\Controllers\User))
#12 C:\xampp\htdocs\ci4\vendor\codeigniter4\framework\system\CodeIgniter.php(317): CodeIgniter\CodeIgniter->handleRequest(NULL, Object(Config\Cache), false)
#13 C:\xampp\htdocs\ci4\index.php(37): CodeIgniter\CodeIgniter->run()
#14 {main}
CRITICAL - 2021-10-11 13:05:55 --> Undefined property: CodeIgniter\View\View::$uri
#0 C:\xampp\htdocs\ci4\app\Views\layout\navigasi.php(5): CodeIgniter\Debug\Exceptions->errorHandler(8, 'Undefined prope...', 'C:\\xampp\\htdocs...', 5, Array)
#1 C:\xampp\htdocs\ci4\vendor\codeigniter4\framework\system\View\View.php(214): include('C:\\xampp\\htdocs...')
#2 C:\xampp\htdocs\ci4\vendor\codeigniter4\framework\system\View\View.php(217): CodeIgniter\View\View->CodeIgniter\View\{closure}()
#3 C:\xampp\htdocs\ci4\vendor\codeigniter4\framework\system\View\View.php(432): CodeIgniter\View\View->render('layout/navigasi...', NULL, true)
#4 C:\xampp\htdocs\ci4\app\Views\layout\template.php(73): CodeIgniter\View\View->include('layout/navigasi...')
#5 C:\xampp\htdocs\ci4\vendor\codeigniter4\framework\system\View\View.php(214): include('C:\\xampp\\htdocs...')
#6 C:\xampp\htdocs\ci4\vendor\codeigniter4\framework\system\View\View.php(217): CodeIgniter\View\View->CodeIgniter\View\{closure}()
#7 C:\xampp\htdocs\ci4\vendor\codeigniter4\framework\system\View\View.php(230): CodeIgniter\View\View->render('layout/template...', Array, true)
#8 C:\xampp\htdocs\ci4\vendor\codeigniter4\framework\system\Common.php(1092): CodeIgniter\View\View->render('user/index', Array, true)
#9 C:\xampp\htdocs\ci4\app\Controllers\User.php(19): view('user/index', Array)
#10 C:\xampp\htdocs\ci4\vendor\codeigniter4\framework\system\CodeIgniter.php(802): App\Controllers\User->index()
#11 C:\xampp\htdocs\ci4\vendor\codeigniter4\framework\system\CodeIgniter.php(399): CodeIgniter\CodeIgniter->runController(Object(App\Controllers\User))
#12 C:\xampp\htdocs\ci4\vendor\codeigniter4\framework\system\CodeIgniter.php(317): CodeIgniter\CodeIgniter->handleRequest(NULL, Object(Config\Cache), false)
#13 C:\xampp\htdocs\ci4\index.php(37): CodeIgniter\CodeIgniter->run()
#14 {main}
CRITICAL - 2021-10-11 13:06:48 --> Undefined property: CodeIgniter\View\View::$uri
#0 C:\xampp\htdocs\ci4\app\Views\layout\navigasi.php(5): CodeIgniter\Debug\Exceptions->errorHandler(8, 'Undefined prope...', 'C:\\xampp\\htdocs...', 5, Array)
#1 C:\xampp\htdocs\ci4\vendor\codeigniter4\framework\system\View\View.php(214): include('C:\\xampp\\htdocs...')
#2 C:\xampp\htdocs\ci4\vendor\codeigniter4\framework\system\View\View.php(217): CodeIgniter\View\View->CodeIgniter\View\{closure}()
#3 C:\xampp\htdocs\ci4\vendor\codeigniter4\framework\system\View\View.php(432): CodeIgniter\View\View->render('layout/navigasi...', NULL, true)
#4 C:\xampp\htdocs\ci4\app\Views\layout\template.php(73): CodeIgniter\View\View->include('layout/navigasi...')
#5 C:\xampp\htdocs\ci4\vendor\codeigniter4\framework\system\View\View.php(214): include('C:\\xampp\\htdocs...')
#6 C:\xampp\htdocs\ci4\vendor\codeigniter4\framework\system\View\View.php(217): CodeIgniter\View\View->CodeIgniter\View\{closure}()
#7 C:\xampp\htdocs\ci4\vendor\codeigniter4\framework\system\View\View.php(230): CodeIgniter\View\View->render('layout/template...', Array, true)
#8 C:\xampp\htdocs\ci4\vendor\codeigniter4\framework\system\Common.php(1092): CodeIgniter\View\View->render('user/index', Array, true)
#9 C:\xampp\htdocs\ci4\app\Controllers\User.php(19): view('user/index', Array)
#10 C:\xampp\htdocs\ci4\vendor\codeigniter4\framework\system\CodeIgniter.php(802): App\Controllers\User->index()
#11 C:\xampp\htdocs\ci4\vendor\codeigniter4\framework\system\CodeIgniter.php(399): CodeIgniter\CodeIgniter->runController(Object(App\Controllers\User))
#12 C:\xampp\htdocs\ci4\vendor\codeigniter4\framework\system\CodeIgniter.php(317): CodeIgniter\CodeIgniter->handleRequest(NULL, Object(Config\Cache), false)
#13 C:\xampp\htdocs\ci4\index.php(37): CodeIgniter\CodeIgniter->run()
#14 {main}
CRITICAL - 2021-10-11 13:06:49 --> Undefined property: CodeIgniter\View\View::$uri
#0 C:\xampp\htdocs\ci4\app\Views\layout\navigasi.php(5): CodeIgniter\Debug\Exceptions->errorHandler(8, 'Undefined prope...', 'C:\\xampp\\htdocs...', 5, Array)
#1 C:\xampp\htdocs\ci4\vendor\codeigniter4\framework\system\View\View.php(214): include('C:\\xampp\\htdocs...')
#2 C:\xampp\htdocs\ci4\vendor\codeigniter4\framework\system\View\View.php(217): CodeIgniter\View\View->CodeIgniter\View\{closure}()
#3 C:\xampp\htdocs\ci4\vendor\codeigniter4\framework\system\View\View.php(432): CodeIgniter\View\View->render('layout/navigasi...', NULL, true)
#4 C:\xampp\htdocs\ci4\app\Views\layout\template.php(73): CodeIgniter\View\View->include('layout/navigasi...')
#5 C:\xampp\htdocs\ci4\vendor\codeigniter4\framework\system\View\View.php(214): include('C:\\xampp\\htdocs...')
#6 C:\xampp\htdocs\ci4\vendor\codeigniter4\framework\system\View\View.php(217): CodeIgniter\View\View->CodeIgniter\View\{closure}()
#7 C:\xampp\htdocs\ci4\vendor\codeigniter4\framework\system\View\View.php(230): CodeIgniter\View\View->render('layout/template...', Array, true)
#8 C:\xampp\htdocs\ci4\vendor\codeigniter4\framework\system\Common.php(1092): CodeIgniter\View\View->render('user/index', Array, true)
#9 C:\xampp\htdocs\ci4\app\Controllers\User.php(19): view('user/index', Array)
#10 C:\xampp\htdocs\ci4\vendor\codeigniter4\framework\system\CodeIgniter.php(802): App\Controllers\User->index()
#11 C:\xampp\htdocs\ci4\vendor\codeigniter4\framework\system\CodeIgniter.php(399): CodeIgniter\CodeIgniter->runController(Object(App\Controllers\User))
#12 C:\xampp\htdocs\ci4\vendor\codeigniter4\framework\system\CodeIgniter.php(317): CodeIgniter\CodeIgniter->handleRequest(NULL, Object(Config\Cache), false)
#13 C:\xampp\htdocs\ci4\index.php(37): CodeIgniter\CodeIgniter->run()
#14 {main}
CRITICAL - 2021-10-11 13:06:55 --> Undefined property: CodeIgniter\View\View::$uri
#0 C:\xampp\htdocs\ci4\app\Views\layout\navigasi.php(5): CodeIgniter\Debug\Exceptions->errorHandler(8, 'Undefined prope...', 'C:\\xampp\\htdocs...', 5, Array)
#1 C:\xampp\htdocs\ci4\vendor\codeigniter4\framework\system\View\View.php(214): include('C:\\xampp\\htdocs...')
#2 C:\xampp\htdocs\ci4\vendor\codeigniter4\framework\system\View\View.php(217): CodeIgniter\View\View->CodeIgniter\View\{closure}()
#3 C:\xampp\htdocs\ci4\vendor\codeigniter4\framework\system\View\View.php(432): CodeIgniter\View\View->render('layout/navigasi...', NULL, true)
#4 C:\xampp\htdocs\ci4\app\Views\layout\template.php(73): CodeIgniter\View\View->include('layout/navigasi...')
#5 C:\xampp\htdocs\ci4\vendor\codeigniter4\framework\system\View\View.php(214): include('C:\\xampp\\htdocs...')
#6 C:\xampp\htdocs\ci4\vendor\codeigniter4\framework\system\View\View.php(217): CodeIgniter\View\View->CodeIgniter\View\{closure}()
#7 C:\xampp\htdocs\ci4\vendor\codeigniter4\framework\system\View\View.php(230): CodeIgniter\View\View->render('layout/template...', Array, true)
#8 C:\xampp\htdocs\ci4\vendor\codeigniter4\framework\system\Common.php(1092): CodeIgniter\View\View->render('user/index', Array, true)
#9 C:\xampp\htdocs\ci4\app\Controllers\User.php(19): view('user/index', Array)
#10 C:\xampp\htdocs\ci4\vendor\codeigniter4\framework\system\CodeIgniter.php(802): App\Controllers\User->index()
#11 C:\xampp\htdocs\ci4\vendor\codeigniter4\framework\system\CodeIgniter.php(399): CodeIgniter\CodeIgniter->runController(Object(App\Controllers\User))
#12 C:\xampp\htdocs\ci4\vendor\codeigniter4\framework\system\CodeIgniter.php(317): CodeIgniter\CodeIgniter->handleRequest(NULL, Object(Config\Cache), false)
#13 C:\xampp\htdocs\ci4\index.php(37): CodeIgniter\CodeIgniter->run()
#14 {main}
CRITICAL - 2021-10-11 13:07:46 --> Undefined property: CodeIgniter\View\View::$uri
#0 C:\xampp\htdocs\ci4\app\Views\layout\navigasi.php(5): CodeIgniter\Debug\Exceptions->errorHandler(8, 'Undefined prope...', 'C:\\xampp\\htdocs...', 5, Array)
#1 C:\xampp\htdocs\ci4\vendor\codeigniter4\framework\system\View\View.php(214): include('C:\\xampp\\htdocs...')
#2 C:\xampp\htdocs\ci4\vendor\codeigniter4\framework\system\View\View.php(217): CodeIgniter\View\View->CodeIgniter\View\{closure}()
#3 C:\xampp\htdocs\ci4\vendor\codeigniter4\framework\system\View\View.php(432): CodeIgniter\View\View->render('layout/navigasi...', NULL, true)
#4 C:\xampp\htdocs\ci4\app\Views\layout\template.php(73): CodeIgniter\View\View->include('layout/navigasi...')
#5 C:\xampp\htdocs\ci4\vendor\codeigniter4\framework\system\View\View.php(214): include('C:\\xampp\\htdocs...')
#6 C:\xampp\htdocs\ci4\vendor\codeigniter4\framework\system\View\View.php(217): CodeIgniter\View\View->CodeIgniter\View\{closure}()
#7 C:\xampp\htdocs\ci4\vendor\codeigniter4\framework\system\View\View.php(230): CodeIgniter\View\View->render('layout/template...', Array, true)
#8 C:\xampp\htdocs\ci4\vendor\codeigniter4\framework\system\Common.php(1092): CodeIgniter\View\View->render('user/index', Array, true)
#9 C:\xampp\htdocs\ci4\app\Controllers\User.php(19): view('user/index', Array)
#10 C:\xampp\htdocs\ci4\vendor\codeigniter4\framework\system\CodeIgniter.php(802): App\Controllers\User->index()
#11 C:\xampp\htdocs\ci4\vendor\codeigniter4\framework\system\CodeIgniter.php(399): CodeIgniter\CodeIgniter->runController(Object(App\Controllers\User))
#12 C:\xampp\htdocs\ci4\vendor\codeigniter4\framework\system\CodeIgniter.php(317): CodeIgniter\CodeIgniter->handleRequest(NULL, Object(Config\Cache), false)
#13 C:\xampp\htdocs\ci4\index.php(37): CodeIgniter\CodeIgniter->run()
#14 {main}
CRITICAL - 2021-10-11 13:07:54 --> Undefined property: CodeIgniter\View\View::$uri
#0 C:\xampp\htdocs\ci4\app\Views\layout\navigasi.php(5): CodeIgniter\Debug\Exceptions->errorHandler(8, 'Undefined prope...', 'C:\\xampp\\htdocs...', 5, Array)
#1 C:\xampp\htdocs\ci4\vendor\codeigniter4\framework\system\View\View.php(214): include('C:\\xampp\\htdocs...')
#2 C:\xampp\htdocs\ci4\vendor\codeigniter4\framework\system\View\View.php(217): CodeIgniter\View\View->CodeIgniter\View\{closure}()
#3 C:\xampp\htdocs\ci4\vendor\codeigniter4\framework\system\View\View.php(432): CodeIgniter\View\View->render('layout/navigasi...', NULL, true)
#4 C:\xampp\htdocs\ci4\app\Views\layout\template.php(73): CodeIgniter\View\View->include('layout/navigasi...')
#5 C:\xampp\htdocs\ci4\vendor\codeigniter4\framework\system\View\View.php(214): include('C:\\xampp\\htdocs...')
#6 C:\xampp\htdocs\ci4\vendor\codeigniter4\framework\system\View\View.php(217): CodeIgniter\View\View->CodeIgniter\View\{closure}()
#7 C:\xampp\htdocs\ci4\vendor\codeigniter4\framework\system\View\View.php(230): CodeIgniter\View\View->render('layout/template...', Array, true)
#8 C:\xampp\htdocs\ci4\vendor\codeigniter4\framework\system\Common.php(1092): CodeIgniter\View\View->render('user/index', Array, true)
#9 C:\xampp\htdocs\ci4\app\Controllers\User.php(19): view('user/index', Array)
#10 C:\xampp\htdocs\ci4\vendor\codeigniter4\framework\system\CodeIgniter.php(802): App\Controllers\User->index()
#11 C:\xampp\htdocs\ci4\vendor\codeigniter4\framework\system\CodeIgniter.php(399): CodeIgniter\CodeIgniter->runController(Object(App\Controllers\User))
#12 C:\xampp\htdocs\ci4\vendor\codeigniter4\framework\system\CodeIgniter.php(317): CodeIgniter\CodeIgniter->handleRequest(NULL, Object(Config\Cache), false)
#13 C:\xampp\htdocs\ci4\index.php(37): CodeIgniter\CodeIgniter->run()
#14 {main}
CRITICAL - 2021-10-11 13:08:04 --> Undefined property: CodeIgniter\View\View::$uri
#0 C:\xampp\htdocs\ci4\app\Views\layout\navigasi.php(5): CodeIgniter\Debug\Exceptions->errorHandler(8, 'Undefined prope...', 'C:\\xampp\\htdocs...', 5, Array)
#1 C:\xampp\htdocs\ci4\vendor\codeigniter4\framework\system\View\View.php(214): include('C:\\xampp\\htdocs...')
#2 C:\xampp\htdocs\ci4\vendor\codeigniter4\framework\system\View\View.php(217): CodeIgniter\View\View->CodeIgniter\View\{closure}()
#3 C:\xampp\htdocs\ci4\vendor\codeigniter4\framework\system\View\View.php(432): CodeIgniter\View\View->render('layout/navigasi...', NULL, true)
#4 C:\xampp\htdocs\ci4\app\Views\layout\template.php(73): CodeIgniter\View\View->include('layout/navigasi...')
#5 C:\xampp\htdocs\ci4\vendor\codeigniter4\framework\system\View\View.php(214): include('C:\\xampp\\htdocs...')
#6 C:\xampp\htdocs\ci4\vendor\codeigniter4\framework\system\View\View.php(217): CodeIgniter\View\View->CodeIgniter\View\{closure}()
#7 C:\xampp\htdocs\ci4\vendor\codeigniter4\framework\system\View\View.php(230): CodeIgniter\View\View->render('layout/template...', Array, true)
#8 C:\xampp\htdocs\ci4\vendor\codeigniter4\framework\system\Common.php(1092): CodeIgniter\View\View->render('user/index', Array, true)
#9 C:\xampp\htdocs\ci4\app\Controllers\User.php(19): view('user/index', Array)
#10 C:\xampp\htdocs\ci4\vendor\codeigniter4\framework\system\CodeIgniter.php(802): App\Controllers\User->index()
#11 C:\xampp\htdocs\ci4\vendor\codeigniter4\framework\system\CodeIgniter.php(399): CodeIgniter\CodeIgniter->runController(Object(App\Controllers\User))
#12 C:\xampp\htdocs\ci4\vendor\codeigniter4\framework\system\CodeIgniter.php(317): CodeIgniter\CodeIgniter->handleRequest(NULL, Object(Config\Cache), false)
#13 C:\xampp\htdocs\ci4\index.php(37): CodeIgniter\CodeIgniter->run()
#14 {main}
CRITICAL - 2021-10-11 13:08:05 --> Undefined property: CodeIgniter\View\View::$uri
#0 C:\xampp\htdocs\ci4\app\Views\layout\navigasi.php(5): CodeIgniter\Debug\Exceptions->errorHandler(8, 'Undefined prope...', 'C:\\xampp\\htdocs...', 5, Array)
#1 C:\xampp\htdocs\ci4\vendor\codeigniter4\framework\system\View\View.php(214): include('C:\\xampp\\htdocs...')
#2 C:\xampp\htdocs\ci4\vendor\codeigniter4\framework\system\View\View.php(217): CodeIgniter\View\View->CodeIgniter\View\{closure}()
#3 C:\xampp\htdocs\ci4\vendor\codeigniter4\framework\system\View\View.php(432): CodeIgniter\View\View->render('layout/navigasi...', NULL, true)
#4 C:\xampp\htdocs\ci4\app\Views\layout\template.php(73): CodeIgniter\View\View->include('layout/navigasi...')
#5 C:\xampp\htdocs\ci4\vendor\codeigniter4\framework\system\View\View.php(214): include('C:\\xampp\\htdocs...')
#6 C:\xampp\htdocs\ci4\vendor\codeigniter4\framework\system\View\View.php(217): CodeIgniter\View\View->CodeIgniter\View\{closure}()
#7 C:\xampp\htdocs\ci4\vendor\codeigniter4\framework\system\View\View.php(230): CodeIgniter\View\View->render('layout/template...', Array, true)
#8 C:\xampp\htdocs\ci4\vendor\codeigniter4\framework\system\Common.php(1092): CodeIgniter\View\View->render('user/index', Array, true)
#9 C:\xampp\htdocs\ci4\app\Controllers\User.php(19): view('user/index', Array)
#10 C:\xampp\htdocs\ci4\vendor\codeigniter4\framework\system\CodeIgniter.php(802): App\Controllers\User->index()
#11 C:\xampp\htdocs\ci4\vendor\codeigniter4\framework\system\CodeIgniter.php(399): CodeIgniter\CodeIgniter->runController(Object(App\Controllers\User))
#12 C:\xampp\htdocs\ci4\vendor\codeigniter4\framework\system\CodeIgniter.php(317): CodeIgniter\CodeIgniter->handleRequest(NULL, Object(Config\Cache), false)
#13 C:\xampp\htdocs\ci4\index.php(37): CodeIgniter\CodeIgniter->run()
#14 {main}
CRITICAL - 2021-10-11 13:08:25 --> Undefined property: CodeIgniter\View\View::$uri
#0 C:\xampp\htdocs\ci4\app\Views\layout\navigasi.php(5): CodeIgniter\Debug\Exceptions->errorHandler(8, 'Undefined prope...', 'C:\\xampp\\htdocs...', 5, Array)
#1 C:\xampp\htdocs\ci4\vendor\codeigniter4\framework\system\View\View.php(214): include('C:\\xampp\\htdocs...')
#2 C:\xampp\htdocs\ci4\vendor\codeigniter4\framework\system\View\View.php(217): CodeIgniter\View\View->CodeIgniter\View\{closure}()
#3 C:\xampp\htdocs\ci4\vendor\codeigniter4\framework\system\View\View.php(432): CodeIgniter\View\View->render('layout/navigasi...', NULL, true)
#4 C:\xampp\htdocs\ci4\app\Views\layout\template.php(73): CodeIgniter\View\View->include('layout/navigasi...')
#5 C:\xampp\htdocs\ci4\vendor\codeigniter4\framework\system\View\View.php(214): include('C:\\xampp\\htdocs...')
#6 C:\xampp\htdocs\ci4\vendor\codeigniter4\framework\system\View\View.php(217): CodeIgniter\View\View->CodeIgniter\View\{closure}()
#7 C:\xampp\htdocs\ci4\vendor\codeigniter4\framework\system\View\View.php(230): CodeIgniter\View\View->render('layout/template...', Array, true)
#8 C:\xampp\htdocs\ci4\vendor\codeigniter4\framework\system\Common.php(1092): CodeIgniter\View\View->render('user/index', Array, true)
#9 C:\xampp\htdocs\ci4\app\Controllers\User.php(19): view('user/index', Array)
#10 C:\xampp\htdocs\ci4\vendor\codeigniter4\framework\system\CodeIgniter.php(802): App\Controllers\User->index()
#11 C:\xampp\htdocs\ci4\vendor\codeigniter4\framework\system\CodeIgniter.php(399): CodeIgniter\CodeIgniter->runController(Object(App\Controllers\User))
#12 C:\xampp\htdocs\ci4\vendor\codeigniter4\framework\system\CodeIgniter.php(317): CodeIgniter\CodeIgniter->handleRequest(NULL, Object(Config\Cache), false)
#13 C:\xampp\htdocs\ci4\index.php(37): CodeIgniter\CodeIgniter->run()
#14 {main}
CRITICAL - 2021-10-11 13:09:25 --> Undefined property: CodeIgniter\View\View::$uri
#0 C:\xampp\htdocs\ci4\app\Views\layout\navigasi.php(5): CodeIgniter\Debug\Exceptions->errorHandler(8, 'Undefined prope...', 'C:\\xampp\\htdocs...', 5, Array)
#1 C:\xampp\htdocs\ci4\vendor\codeigniter4\framework\system\View\View.php(214): include('C:\\xampp\\htdocs...')
#2 C:\xampp\htdocs\ci4\vendor\codeigniter4\framework\system\View\View.php(217): CodeIgniter\View\View->CodeIgniter\View\{closure}()
#3 C:\xampp\htdocs\ci4\vendor\codeigniter4\framework\system\View\View.php(432): CodeIgniter\View\View->render('layout/navigasi...', NULL, true)
#4 C:\xampp\htdocs\ci4\app\Views\layout\template.php(73): CodeIgniter\View\View->include('layout/navigasi...')
#5 C:\xampp\htdocs\ci4\vendor\codeigniter4\framework\system\View\View.php(214): include('C:\\xampp\\htdocs...')
#6 C:\xampp\htdocs\ci4\vendor\codeigniter4\framework\system\View\View.php(217): CodeIgniter\View\View->CodeIgniter\View\{closure}()
#7 C:\xampp\htdocs\ci4\vendor\codeigniter4\framework\system\View\View.php(230): CodeIgniter\View\View->render('layout/template...', Array, true)
#8 C:\xampp\htdocs\ci4\vendor\codeigniter4\framework\system\Common.php(1092): CodeIgniter\View\View->render('user/index', Array, true)
#9 C:\xampp\htdocs\ci4\app\Controllers\User.php(19): view('user/index', Array)
#10 C:\xampp\htdocs\ci4\vendor\codeigniter4\framework\system\CodeIgniter.php(802): App\Controllers\User->index()
#11 C:\xampp\htdocs\ci4\vendor\codeigniter4\framework\system\CodeIgniter.php(399): CodeIgniter\CodeIgniter->runController(Object(App\Controllers\User))
#12 C:\xampp\htdocs\ci4\vendor\codeigniter4\framework\system\CodeIgniter.php(317): CodeIgniter\CodeIgniter->handleRequest(NULL, Object(Config\Cache), false)
#13 C:\xampp\htdocs\ci4\index.php(37): CodeIgniter\CodeIgniter->run()
#14 {main}
CRITICAL - 2021-10-11 13:09:32 --> Undefined property: CodeIgniter\View\View::$uri
#0 C:\xampp\htdocs\ci4\app\Views\layout\navigasi.php(5): CodeIgniter\Debug\Exceptions->errorHandler(8, 'Undefined prope...', 'C:\\xampp\\htdocs...', 5, Array)
#1 C:\xampp\htdocs\ci4\vendor\codeigniter4\framework\system\View\View.php(214): include('C:\\xampp\\htdocs...')
#2 C:\xampp\htdocs\ci4\vendor\codeigniter4\framework\system\View\View.php(217): CodeIgniter\View\View->CodeIgniter\View\{closure}()
#3 C:\xampp\htdocs\ci4\vendor\codeigniter4\framework\system\View\View.php(432): CodeIgniter\View\View->render('layout/navigasi...', NULL, true)
#4 C:\xampp\htdocs\ci4\app\Views\layout\template.php(73): CodeIgniter\View\View->include('layout/navigasi...')
#5 C:\xampp\htdocs\ci4\vendor\codeigniter4\framework\system\View\View.php(214): include('C:\\xampp\\htdocs...')
#6 C:\xampp\htdocs\ci4\vendor\codeigniter4\framework\system\View\View.php(217): CodeIgniter\View\View->CodeIgniter\View\{closure}()
#7 C:\xampp\htdocs\ci4\vendor\codeigniter4\framework\system\View\View.php(230): CodeIgniter\View\View->render('layout/template...', Array, true)
#8 C:\xampp\htdocs\ci4\vendor\codeigniter4\framework\system\Common.php(1092): CodeIgniter\View\View->render('user/index', Array, true)
#9 C:\xampp\htdocs\ci4\app\Controllers\User.php(19): view('user/index', Array)
#10 C:\xampp\htdocs\ci4\vendor\codeigniter4\framework\system\CodeIgniter.php(802): App\Controllers\User->index()
#11 C:\xampp\htdocs\ci4\vendor\codeigniter4\framework\system\CodeIgniter.php(399): CodeIgniter\CodeIgniter->runController(Object(App\Controllers\User))
#12 C:\xampp\htdocs\ci4\vendor\codeigniter4\framework\system\CodeIgniter.php(317): CodeIgniter\CodeIgniter->handleRequest(NULL, Object(Config\Cache), false)
#13 C:\xampp\htdocs\ci4\index.php(37): CodeIgniter\CodeIgniter->run()
#14 {main}
CRITICAL - 2021-10-11 13:11:59 --> Undefined property: CodeIgniter\View\View::$uri
#0 C:\xampp\htdocs\ci4\app\Views\layout\navigasi.php(11): CodeIgniter\Debug\Exceptions->errorHandler(8, 'Undefined prope...', 'C:\\xampp\\htdocs...', 11, Array)
#1 C:\xampp\htdocs\ci4\vendor\codeigniter4\framework\system\View\View.php(214): include('C:\\xampp\\htdocs...')
#2 C:\xampp\htdocs\ci4\vendor\codeigniter4\framework\system\View\View.php(217): CodeIgniter\View\View->CodeIgniter\View\{closure}()
#3 C:\xampp\htdocs\ci4\vendor\codeigniter4\framework\system\View\View.php(432): CodeIgniter\View\View->render('layout/navigasi...', NULL, true)
#4 C:\xampp\htdocs\ci4\app\Views\layout\template.php(73): CodeIgniter\View\View->include('layout/navigasi...')
#5 C:\xampp\htdocs\ci4\vendor\codeigniter4\framework\system\View\View.php(214): include('C:\\xampp\\htdocs...')
#6 C:\xampp\htdocs\ci4\vendor\codeigniter4\framework\system\View\View.php(217): CodeIgniter\View\View->CodeIgniter\View\{closure}()
#7 C:\xampp\htdocs\ci4\vendor\codeigniter4\framework\system\View\View.php(230): CodeIgniter\View\View->render('layout/template...', Array, true)
#8 C:\xampp\htdocs\ci4\vendor\codeigniter4\framework\system\Common.php(1092): CodeIgniter\View\View->render('user/index', Array, true)
#9 C:\xampp\htdocs\ci4\app\Controllers\User.php(19): view('user/index', Array)
#10 C:\xampp\htdocs\ci4\vendor\codeigniter4\framework\system\CodeIgniter.php(802): App\Controllers\User->index()
#11 C:\xampp\htdocs\ci4\vendor\codeigniter4\framework\system\CodeIgniter.php(399): CodeIgniter\CodeIgniter->runController(Object(App\Controllers\User))
#12 C:\xampp\htdocs\ci4\vendor\codeigniter4\framework\system\CodeIgniter.php(317): CodeIgniter\CodeIgniter->handleRequest(NULL, Object(Config\Cache), false)
#13 C:\xampp\htdocs\ci4\index.php(37): CodeIgniter\CodeIgniter->run()
#14 {main}
CRITICAL - 2021-10-11 13:12:08 --> Undefined property: CodeIgniter\View\View::$uri
#0 C:\xampp\htdocs\ci4\app\Views\layout\navigasi.php(11): CodeIgniter\Debug\Exceptions->errorHandler(8, 'Undefined prope...', 'C:\\xampp\\htdocs...', 11, Array)
#1 C:\xampp\htdocs\ci4\vendor\codeigniter4\framework\system\View\View.php(214): include('C:\\xampp\\htdocs...')
#2 C:\xampp\htdocs\ci4\vendor\codeigniter4\framework\system\View\View.php(217): CodeIgniter\View\View->CodeIgniter\View\{closure}()
#3 C:\xampp\htdocs\ci4\vendor\codeigniter4\framework\system\View\View.php(432): CodeIgniter\View\View->render('layout/navigasi...', NULL, true)
#4 C:\xampp\htdocs\ci4\app\Views\layout\template.php(73): CodeIgniter\View\View->include('layout/navigasi...')
#5 C:\xampp\htdocs\ci4\vendor\codeigniter4\framework\system\View\View.php(214): include('C:\\xampp\\htdocs...')
#6 C:\xampp\htdocs\ci4\vendor\codeigniter4\framework\system\View\View.php(217): CodeIgniter\View\View->CodeIgniter\View\{closure}()
#7 C:\xampp\htdocs\ci4\vendor\codeigniter4\framework\system\View\View.php(230): CodeIgniter\View\View->render('layout/template...', Array, true)
#8 C:\xampp\htdocs\ci4\vendor\codeigniter4\framework\system\Common.php(1092): CodeIgniter\View\View->render('user/index', Array, true)
#9 C:\xampp\htdocs\ci4\app\Controllers\User.php(19): view('user/index', Array)
#10 C:\xampp\htdocs\ci4\vendor\codeigniter4\framework\system\CodeIgniter.php(802): App\Controllers\User->index()
#11 C:\xampp\htdocs\ci4\vendor\codeigniter4\framework\system\CodeIgniter.php(399): CodeIgniter\CodeIgniter->runController(Object(App\Controllers\User))
#12 C:\xampp\htdocs\ci4\vendor\codeigniter4\framework\system\CodeIgniter.php(317): CodeIgniter\CodeIgniter->handleRequest(NULL, Object(Config\Cache), false)
#13 C:\xampp\htdocs\ci4\index.php(37): CodeIgniter\CodeIgniter->run()
#14 {main}
CRITICAL - 2021-10-11 13:15:38 --> Undefined property: CodeIgniter\View\View::$uri
#0 C:\xampp\htdocs\ci4\app\Views\layout\navigasi.php(12): CodeIgniter\Debug\Exceptions->errorHandler(8, 'Undefined prope...', 'C:\\xampp\\htdocs...', 12, Array)
#1 C:\xampp\htdocs\ci4\vendor\codeigniter4\framework\system\View\View.php(214): include('C:\\xampp\\htdocs...')
#2 C:\xampp\htdocs\ci4\vendor\codeigniter4\framework\system\View\View.php(217): CodeIgniter\View\View->CodeIgniter\View\{closure}()
#3 C:\xampp\htdocs\ci4\vendor\codeigniter4\framework\system\View\View.php(432): CodeIgniter\View\View->render('layout/navigasi...', NULL, true)
#4 C:\xampp\htdocs\ci4\app\Views\layout\template.php(73): CodeIgniter\View\View->include('layout/navigasi...')
#5 C:\xampp\htdocs\ci4\vendor\codeigniter4\framework\system\View\View.php(214): include('C:\\xampp\\htdocs...')
#6 C:\xampp\htdocs\ci4\vendor\codeigniter4\framework\system\View\View.php(217): CodeIgniter\View\View->CodeIgniter\View\{closure}()
#7 C:\xampp\htdocs\ci4\vendor\codeigniter4\framework\system\View\View.php(230): CodeIgniter\View\View->render('layout/template...', Array, true)
#8 C:\xampp\htdocs\ci4\vendor\codeigniter4\framework\system\Common.php(1092): CodeIgniter\View\View->render('user/index', Array, true)
#9 C:\xampp\htdocs\ci4\app\Controllers\User.php(19): view('user/index', Array)
#10 C:\xampp\htdocs\ci4\vendor\codeigniter4\framework\system\CodeIgniter.php(802): App\Controllers\User->index()
#11 C:\xampp\htdocs\ci4\vendor\codeigniter4\framework\system\CodeIgniter.php(399): CodeIgniter\CodeIgniter->runController(Object(App\Controllers\User))
#12 C:\xampp\htdocs\ci4\vendor\codeigniter4\framework\system\CodeIgniter.php(317): CodeIgniter\CodeIgniter->handleRequest(NULL, Object(Config\Cache), false)
#13 C:\xampp\htdocs\ci4\index.php(37): CodeIgniter\CodeIgniter->run()
#14 {main}
CRITICAL - 2021-10-11 13:15:39 --> Undefined property: CodeIgniter\View\View::$uri
#0 C:\xampp\htdocs\ci4\app\Views\layout\navigasi.php(12): CodeIgniter\Debug\Exceptions->errorHandler(8, 'Undefined prope...', 'C:\\xampp\\htdocs...', 12, Array)
#1 C:\xampp\htdocs\ci4\vendor\codeigniter4\framework\system\View\View.php(214): include('C:\\xampp\\htdocs...')
#2 C:\xampp\htdocs\ci4\vendor\codeigniter4\framework\system\View\View.php(217): CodeIgniter\View\View->CodeIgniter\View\{closure}()
#3 C:\xampp\htdocs\ci4\vendor\codeigniter4\framework\system\View\View.php(432): CodeIgniter\View\View->render('layout/navigasi...', NULL, true)
#4 C:\xampp\htdocs\ci4\app\Views\layout\template.php(73): CodeIgniter\View\View->include('layout/navigasi...')
#5 C:\xampp\htdocs\ci4\vendor\codeigniter4\framework\system\View\View.php(214): include('C:\\xampp\\htdocs...')
#6 C:\xampp\htdocs\ci4\vendor\codeigniter4\framework\system\View\View.php(217): CodeIgniter\View\View->CodeIgniter\View\{closure}()
#7 C:\xampp\htdocs\ci4\vendor\codeigniter4\framework\system\View\View.php(230): CodeIgniter\View\View->render('layout/template...', Array, true)
#8 C:\xampp\htdocs\ci4\vendor\codeigniter4\framework\system\Common.php(1092): CodeIgniter\View\View->render('user/index', Array, true)
#9 C:\xampp\htdocs\ci4\app\Controllers\User.php(19): view('user/index', Array)
#10 C:\xampp\htdocs\ci4\vendor\codeigniter4\framework\system\CodeIgniter.php(802): App\Controllers\User->index()
#11 C:\xampp\htdocs\ci4\vendor\codeigniter4\framework\system\CodeIgniter.php(399): CodeIgniter\CodeIgniter->runController(Object(App\Controllers\User))
#12 C:\xampp\htdocs\ci4\vendor\codeigniter4\framework\system\CodeIgniter.php(317): CodeIgniter\CodeIgniter->handleRequest(NULL, Object(Config\Cache), false)
#13 C:\xampp\htdocs\ci4\index.php(37): CodeIgniter\CodeIgniter->run()
#14 {main}
CRITICAL - 2021-10-11 13:17:51 --> Undefined property: CodeIgniter\View\View::$uri
#0 C:\xampp\htdocs\ci4\app\Views\layout\navigasi.php(5): CodeIgniter\Debug\Exceptions->errorHandler(8, 'Undefined prope...', 'C:\\xampp\\htdocs...', 5, Array)
#1 C:\xampp\htdocs\ci4\vendor\codeigniter4\framework\system\View\View.php(214): include('C:\\xampp\\htdocs...')
#2 C:\xampp\htdocs\ci4\vendor\codeigniter4\framework\system\View\View.php(217): CodeIgniter\View\View->CodeIgniter\View\{closure}()
#3 C:\xampp\htdocs\ci4\vendor\codeigniter4\framework\system\View\View.php(432): CodeIgniter\View\View->render('layout/navigasi...', NULL, true)
#4 C:\xampp\htdocs\ci4\app\Views\layout\template.php(73): CodeIgniter\View\View->include('layout/navigasi...')
#5 C:\xampp\htdocs\ci4\vendor\codeigniter4\framework\system\View\View.php(214): include('C:\\xampp\\htdocs...')
#6 C:\xampp\htdocs\ci4\vendor\codeigniter4\framework\system\View\View.php(217): CodeIgniter\View\View->CodeIgniter\View\{closure}()
#7 C:\xampp\htdocs\ci4\vendor\codeigniter4\framework\system\View\View.php(230): CodeIgniter\View\View->render('layout/template...', Array, true)
#8 C:\xampp\htdocs\ci4\vendor\codeigniter4\framework\system\Common.php(1092): CodeIgniter\View\View->render('user/index', Array, true)
#9 C:\xampp\htdocs\ci4\app\Controllers\User.php(19): view('user/index', Array)
#10 C:\xampp\htdocs\ci4\vendor\codeigniter4\framework\system\CodeIgniter.php(802): App\Controllers\User->index()
#11 C:\xampp\htdocs\ci4\vendor\codeigniter4\framework\system\CodeIgniter.php(399): CodeIgniter\CodeIgniter->runController(Object(App\Controllers\User))
#12 C:\xampp\htdocs\ci4\vendor\codeigniter4\framework\system\CodeIgniter.php(317): CodeIgniter\CodeIgniter->handleRequest(NULL, Object(Config\Cache), false)
#13 C:\xampp\htdocs\ci4\index.php(37): CodeIgniter\CodeIgniter->run()
#14 {main}
CRITICAL - 2021-10-11 13:17:53 --> Undefined property: CodeIgniter\View\View::$uri
#0 C:\xampp\htdocs\ci4\app\Views\layout\navigasi.php(5): CodeIgniter\Debug\Exceptions->errorHandler(8, 'Undefined prope...', 'C:\\xampp\\htdocs...', 5, Array)
#1 C:\xampp\htdocs\ci4\vendor\codeigniter4\framework\system\View\View.php(214): include('C:\\xampp\\htdocs...')
#2 C:\xampp\htdocs\ci4\vendor\codeigniter4\framework\system\View\View.php(217): CodeIgniter\View\View->CodeIgniter\View\{closure}()
#3 C:\xampp\htdocs\ci4\vendor\codeigniter4\framework\system\View\View.php(432): CodeIgniter\View\View->render('layout/navigasi...', NULL, true)
#4 C:\xampp\htdocs\ci4\app\Views\layout\template.php(73): CodeIgniter\View\View->include('layout/navigasi...')
#5 C:\xampp\htdocs\ci4\vendor\codeigniter4\framework\system\View\View.php(214): include('C:\\xampp\\htdocs...')
#6 C:\xampp\htdocs\ci4\vendor\codeigniter4\framework\system\View\View.php(217): CodeIgniter\View\View->CodeIgniter\View\{closure}()
#7 C:\xampp\htdocs\ci4\vendor\codeigniter4\framework\system\View\View.php(230): CodeIgniter\View\View->render('layout/template...', Array, true)
#8 C:\xampp\htdocs\ci4\vendor\codeigniter4\framework\system\Common.php(1092): CodeIgniter\View\View->render('user/index', Array, true)
#9 C:\xampp\htdocs\ci4\app\Controllers\User.php(19): view('user/index', Array)
#10 C:\xampp\htdocs\ci4\vendor\codeigniter4\framework\system\CodeIgniter.php(802): App\Controllers\User->index()
#11 C:\xampp\htdocs\ci4\vendor\codeigniter4\framework\system\CodeIgniter.php(399): CodeIgniter\CodeIgniter->runController(Object(App\Controllers\User))
#12 C:\xampp\htdocs\ci4\vendor\codeigniter4\framework\system\CodeIgniter.php(317): CodeIgniter\CodeIgniter->handleRequest(NULL, Object(Config\Cache), false)
#13 C:\xampp\htdocs\ci4\index.php(37): CodeIgniter\CodeIgniter->run()
#14 {main}
CRITICAL - 2021-10-11 13:20:47 --> Undefined property: CodeIgniter\View\View::$uri
#0 C:\xampp\htdocs\ci4\app\Views\layout\navigasi.php(11): CodeIgniter\Debug\Exceptions->errorHandler(8, 'Undefined prope...', 'C:\\xampp\\htdocs...', 11, Array)
#1 C:\xampp\htdocs\ci4\vendor\codeigniter4\framework\system\View\View.php(214): include('C:\\xampp\\htdocs...')
#2 C:\xampp\htdocs\ci4\vendor\codeigniter4\framework\system\View\View.php(217): CodeIgniter\View\View->CodeIgniter\View\{closure}()
#3 C:\xampp\htdocs\ci4\vendor\codeigniter4\framework\system\View\View.php(432): CodeIgniter\View\View->render('layout/navigasi...', NULL, true)
#4 C:\xampp\htdocs\ci4\app\Views\layout\template.php(73): CodeIgniter\View\View->include('layout/navigasi...')
#5 C:\xampp\htdocs\ci4\vendor\codeigniter4\framework\system\View\View.php(214): include('C:\\xampp\\htdocs...')
#6 C:\xampp\htdocs\ci4\vendor\codeigniter4\framework\system\View\View.php(217): CodeIgniter\View\View->CodeIgniter\View\{closure}()
#7 C:\xampp\htdocs\ci4\vendor\codeigniter4\framework\system\View\View.php(230): CodeIgniter\View\View->render('layout/template...', Array, true)
#8 C:\xampp\htdocs\ci4\vendor\codeigniter4\framework\system\Common.php(1092): CodeIgniter\View\View->render('user/index', Array, true)
#9 C:\xampp\htdocs\ci4\app\Controllers\User.php(19): view('user/index', Array)
#10 C:\xampp\htdocs\ci4\vendor\codeigniter4\framework\system\CodeIgniter.php(802): App\Controllers\User->index()
#11 C:\xampp\htdocs\ci4\vendor\codeigniter4\framework\system\CodeIgniter.php(399): CodeIgniter\CodeIgniter->runController(Object(App\Controllers\User))
#12 C:\xampp\htdocs\ci4\vendor\codeigniter4\framework\system\CodeIgniter.php(317): CodeIgniter\CodeIgniter->handleRequest(NULL, Object(Config\Cache), false)
#13 C:\xampp\htdocs\ci4\index.php(37): CodeIgniter\CodeIgniter->run()
#14 {main}
CRITICAL - 2021-10-11 13:20:48 --> Undefined property: CodeIgniter\View\View::$uri
#0 C:\xampp\htdocs\ci4\app\Views\layout\navigasi.php(11): CodeIgniter\Debug\Exceptions->errorHandler(8, 'Undefined prope...', 'C:\\xampp\\htdocs...', 11, Array)
#1 C:\xampp\htdocs\ci4\vendor\codeigniter4\framework\system\View\View.php(214): include('C:\\xampp\\htdocs...')
#2 C:\xampp\htdocs\ci4\vendor\codeigniter4\framework\system\View\View.php(217): CodeIgniter\View\View->CodeIgniter\View\{closure}()
#3 C:\xampp\htdocs\ci4\vendor\codeigniter4\framework\system\View\View.php(432): CodeIgniter\View\View->render('layout/navigasi...', NULL, true)
#4 C:\xampp\htdocs\ci4\app\Views\layout\template.php(73): CodeIgniter\View\View->include('layout/navigasi...')
#5 C:\xampp\htdocs\ci4\vendor\codeigniter4\framework\system\View\View.php(214): include('C:\\xampp\\htdocs...')
#6 C:\xampp\htdocs\ci4\vendor\codeigniter4\framework\system\View\View.php(217): CodeIgniter\View\View->CodeIgniter\View\{closure}()
#7 C:\xampp\htdocs\ci4\vendor\codeigniter4\framework\system\View\View.php(230): CodeIgniter\View\View->render('layout/template...', Array, true)
#8 C:\xampp\htdocs\ci4\vendor\codeigniter4\framework\system\Common.php(1092): CodeIgniter\View\View->render('user/index', Array, true)
#9 C:\xampp\htdocs\ci4\app\Controllers\User.php(19): view('user/index', Array)
#10 C:\xampp\htdocs\ci4\vendor\codeigniter4\framework\system\CodeIgniter.php(802): App\Controllers\User->index()
#11 C:\xampp\htdocs\ci4\vendor\codeigniter4\framework\system\CodeIgniter.php(399): CodeIgniter\CodeIgniter->runController(Object(App\Controllers\User))
#12 C:\xampp\htdocs\ci4\vendor\codeigniter4\framework\system\CodeIgniter.php(317): CodeIgniter\CodeIgniter->handleRequest(NULL, Object(Config\Cache), false)
#13 C:\xampp\htdocs\ci4\index.php(37): CodeIgniter\CodeIgniter->run()
#14 {main}
CRITICAL - 2021-10-11 13:32:24 --> Undefined property: CodeIgniter\View\View::$uri
#0 C:\xampp\htdocs\ci4\app\Views\layout\navigasi.php(4): CodeIgniter\Debug\Exceptions->errorHandler(8, 'Undefined prope...', 'C:\\xampp\\htdocs...', 4, Array)
#1 C:\xampp\htdocs\ci4\vendor\codeigniter4\framework\system\View\View.php(214): include('C:\\xampp\\htdocs...')
#2 C:\xampp\htdocs\ci4\vendor\codeigniter4\framework\system\View\View.php(217): CodeIgniter\View\View->CodeIgniter\View\{closure}()
#3 C:\xampp\htdocs\ci4\vendor\codeigniter4\framework\system\View\View.php(432): CodeIgniter\View\View->render('layout/navigasi...', NULL, true)
#4 C:\xampp\htdocs\ci4\app\Views\layout\template.php(73): CodeIgniter\View\View->include('layout/navigasi...')
#5 C:\xampp\htdocs\ci4\vendor\codeigniter4\framework\system\View\View.php(214): include('C:\\xampp\\htdocs...')
#6 C:\xampp\htdocs\ci4\vendor\codeigniter4\framework\system\View\View.php(217): CodeIgniter\View\View->CodeIgniter\View\{closure}()
#7 C:\xampp\htdocs\ci4\vendor\codeigniter4\framework\system\View\View.php(230): CodeIgniter\View\View->render('layout/template...', Array, true)
#8 C:\xampp\htdocs\ci4\vendor\codeigniter4\framework\system\Common.php(1092): CodeIgniter\View\View->render('dashboard', Array, true)
#9 C:\xampp\htdocs\ci4\app\Controllers\Dashboard.php(11): view('dashboard')
#10 C:\xampp\htdocs\ci4\vendor\codeigniter4\framework\system\CodeIgniter.php(802): App\Controllers\Dashboard->index()
#11 C:\xampp\htdocs\ci4\vendor\codeigniter4\framework\system\CodeIgniter.php(399): CodeIgniter\CodeIgniter->runController(Object(App\Controllers\Dashboard))
#12 C:\xampp\htdocs\ci4\vendor\codeigniter4\framework\system\CodeIgniter.php(317): CodeIgniter\CodeIgniter->handleRequest(NULL, Object(Config\Cache), false)
#13 C:\xampp\htdocs\ci4\index.php(37): CodeIgniter\CodeIgniter->run()
#14 {main}
CRITICAL - 2021-10-11 13:35:33 --> Undefined property: CodeIgniter\View\View::$uri
#0 C:\xampp\htdocs\ci4\app\Views\layout\navigasi.php(4): CodeIgniter\Debug\Exceptions->errorHandler(8, 'Undefined prope...', 'C:\\xampp\\htdocs...', 4, Array)
#1 C:\xampp\htdocs\ci4\vendor\codeigniter4\framework\system\View\View.php(214): include('C:\\xampp\\htdocs...')
#2 C:\xampp\htdocs\ci4\vendor\codeigniter4\framework\system\View\View.php(217): CodeIgniter\View\View->CodeIgniter\View\{closure}()
#3 C:\xampp\htdocs\ci4\vendor\codeigniter4\framework\system\View\View.php(432): CodeIgniter\View\View->render('layout/navigasi...', NULL, true)
#4 C:\xampp\htdocs\ci4\app\Views\layout\template.php(73): CodeIgniter\View\View->include('layout/navigasi...')
#5 C:\xampp\htdocs\ci4\vendor\codeigniter4\framework\system\View\View.php(214): include('C:\\xampp\\htdocs...')
#6 C:\xampp\htdocs\ci4\vendor\codeigniter4\framework\system\View\View.php(217): CodeIgniter\View\View->CodeIgniter\View\{closure}()
#7 C:\xampp\htdocs\ci4\vendor\codeigniter4\framework\system\View\View.php(230): CodeIgniter\View\View->render('layout/template...', Array, true)
#8 C:\xampp\htdocs\ci4\vendor\codeigniter4\framework\system\Common.php(1092): CodeIgniter\View\View->render('dashboard', Array, true)
#9 C:\xampp\htdocs\ci4\app\Controllers\Dashboard.php(11): view('dashboard')
#10 C:\xampp\htdocs\ci4\vendor\codeigniter4\framework\system\CodeIgniter.php(802): App\Controllers\Dashboard->index()
#11 C:\xampp\htdocs\ci4\vendor\codeigniter4\framework\system\CodeIgniter.php(399): CodeIgniter\CodeIgniter->runController(Object(App\Controllers\Dashboard))
#12 C:\xampp\htdocs\ci4\vendor\codeigniter4\framework\system\CodeIgniter.php(317): CodeIgniter\CodeIgniter->handleRequest(NULL, Object(Config\Cache), false)
#13 C:\xampp\htdocs\ci4\index.php(37): CodeIgniter\CodeIgniter->run()
#14 {main}
CRITICAL - 2021-10-11 13:36:01 --> Undefined property: CodeIgniter\View\View::$url
#0 C:\xampp\htdocs\ci4\app\Views\layout\navigasi.php(4): CodeIgniter\Debug\Exceptions->errorHandler(8, 'Undefined prope...', 'C:\\xampp\\htdocs...', 4, Array)
#1 C:\xampp\htdocs\ci4\vendor\codeigniter4\framework\system\View\View.php(214): include('C:\\xampp\\htdocs...')
#2 C:\xampp\htdocs\ci4\vendor\codeigniter4\framework\system\View\View.php(217): CodeIgniter\View\View->CodeIgniter\View\{closure}()
#3 C:\xampp\htdocs\ci4\vendor\codeigniter4\framework\system\View\View.php(432): CodeIgniter\View\View->render('layout/navigasi...', NULL, true)
#4 C:\xampp\htdocs\ci4\app\Views\layout\template.php(73): CodeIgniter\View\View->include('layout/navigasi...')
#5 C:\xampp\htdocs\ci4\vendor\codeigniter4\framework\system\View\View.php(214): include('C:\\xampp\\htdocs...')
#6 C:\xampp\htdocs\ci4\vendor\codeigniter4\framework\system\View\View.php(217): CodeIgniter\View\View->CodeIgniter\View\{closure}()
#7 C:\xampp\htdocs\ci4\vendor\codeigniter4\framework\system\View\View.php(230): CodeIgniter\View\View->render('layout/template...', Array, true)
#8 C:\xampp\htdocs\ci4\vendor\codeigniter4\framework\system\Common.php(1092): CodeIgniter\View\View->render('dashboard', Array, true)
#9 C:\xampp\htdocs\ci4\app\Controllers\Dashboard.php(11): view('dashboard')
#10 C:\xampp\htdocs\ci4\vendor\codeigniter4\framework\system\CodeIgniter.php(802): App\Controllers\Dashboard->index()
#11 C:\xampp\htdocs\ci4\vendor\codeigniter4\framework\system\CodeIgniter.php(399): CodeIgniter\CodeIgniter->runController(Object(App\Controllers\Dashboard))
#12 C:\xampp\htdocs\ci4\vendor\codeigniter4\framework\system\CodeIgniter.php(317): CodeIgniter\CodeIgniter->handleRequest(NULL, Object(Config\Cache), false)
#13 C:\xampp\htdocs\ci4\index.php(37): CodeIgniter\CodeIgniter->run()
#14 {main}
